c:\users\jj\onedrive\school\csci 580\hw3\mase_john_hw3\debug\cs580hw3.pch
c:\users\jj\onedrive\school\csci 580\hw3\mase_john_hw3\debug\vc142.pdb
c:\users\jj\onedrive\school\csci 580\hw3\mase_john_hw3\debug\vc142.idb
c:\users\jj\onedrive\school\csci 580\hw3\mase_john_hw3\debug\stdafx.obj
c:\users\jj\onedrive\school\csci 580\hw3\mase_john_hw3\debug\application.obj
c:\users\jj\onedrive\school\csci 580\hw3\mase_john_hw3\debug\application3.obj
c:\users\jj\onedrive\school\csci 580\hw3\mase_john_hw3\debug\cs580hw.obj
c:\users\jj\onedrive\school\csci 580\hw3\mase_john_hw3\debug\cs580hwdoc.obj
c:\users\jj\onedrive\school\csci 580\hw3\mase_john_hw3\debug\cs580hwview.obj
c:\users\jj\onedrive\school\csci 580\hw3\mase_john_hw3\debug\mainfrm.obj
c:\users\jj\onedrive\school\csci 580\hw3\mase_john_hw3\debug\rend.obj
c:\users\jj\onedrive\school\csci 580\hw3\mase_john_hw3\debug\rotatedlg.obj
c:\users\jj\onedrive\school\csci 580\hw3\mase_john_hw3\debug\scaledlg.obj
c:\users\jj\onedrive\school\csci 580\hw3\mase_john_hw3\debug\translatedlg.obj
c:\users\jj\onedrive\school\csci 580\hw3\mase_john_hw3\debug\cs580hw3.exe
c:\users\jj\onedrive\school\csci 580\hw3\mase_john_hw3\debug\cs580hw3.ilk
c:\users\jj\onedrive\school\csci 580\hw3\mase_john_hw3\debug\cs580hw3.pdb
c:\users\jj\onedrive\school\csci 580\hw3\mase_john_hw3\debug\cs580hw.res
c:\users\jj\onedrive\school\csci 580\hw3\mase_john_hw3\debug\cs580hw3.tlog\cl.command.1.tlog
c:\users\jj\onedrive\school\csci 580\hw3\mase_john_hw3\debug\cs580hw3.tlog\cl.read.1.tlog
c:\users\jj\onedrive\school\csci 580\hw3\mase_john_hw3\debug\cs580hw3.tlog\cl.write.1.tlog
c:\users\jj\onedrive\school\csci 580\hw3\mase_john_hw3\debug\cs580hw3.tlog\link.command.1.tlog
c:\users\jj\onedrive\school\csci 580\hw3\mase_john_hw3\debug\cs580hw3.tlog\link.read.1.tlog
c:\users\jj\onedrive\school\csci 580\hw3\mase_john_hw3\debug\cs580hw3.tlog\link.write.1.tlog
c:\users\jj\onedrive\school\csci 580\hw3\mase_john_hw3\debug\cs580hw3.tlog\rc.command.1.tlog
c:\users\jj\onedrive\school\csci 580\hw3\mase_john_hw3\debug\cs580hw3.tlog\rc.read.1.tlog
c:\users\jj\onedrive\school\csci 580\hw3\mase_john_hw3\debug\cs580hw3.tlog\rc.write.1.tlog
