cl : command line warning D9035: option 'Gm' has been deprecated and will be removed in a future release
  Application3.cpp
C:\Users\JJ\OneDrive\School\CSCI 580\HW3\Mase_John_HW3\Application3.cpp(76,1): warning C4305: 'initializing': truncation from 'double' to 'float'
C:\Users\JJ\OneDrive\School\CSCI 580\HW3\Mase_John_HW3\Application3.cpp(84,1): warning C4305: 'initializing': truncation from 'double' to 'float'
C:\Users\JJ\OneDrive\School\CSCI 580\HW3\Mase_John_HW3\Application3.cpp(93,27): warning C4305: '=': truncation from 'double' to 'float'
C:\Users\JJ\OneDrive\School\CSCI 580\HW3\Mase_John_HW3\Application3.cpp(94,29): warning C4305: '=': truncation from 'double' to 'float'
C:\Users\JJ\OneDrive\School\CSCI 580\HW3\Mase_John_HW3\Application3.cpp(95,30): warning C4305: '=': truncation from 'double' to 'float'
C:\Users\JJ\OneDrive\School\CSCI 580\HW3\Mase_John_HW3\Application3.cpp(97,26): warning C4305: '=': truncation from 'double' to 'float'
C:\Users\JJ\OneDrive\School\CSCI 580\HW3\Mase_John_HW3\Application3.cpp(98,26): warning C4305: '=': truncation from 'double' to 'float'
C:\Users\JJ\OneDrive\School\CSCI 580\HW3\Mase_John_HW3\Application3.cpp(101,28): warning C4305: '=': truncation from 'double' to 'float'
C:\Users\JJ\OneDrive\School\CSCI 580\HW3\Mase_John_HW3\Application3.cpp(105,19): warning C4305: '=': truncation from 'double' to 'float'
C:\Users\JJ\OneDrive\School\CSCI 580\HW3\Mase_John_HW3\Application3.cpp(44,7): warning C4101: 'xRes': unreferenced local variable
C:\Users\JJ\OneDrive\School\CSCI 580\HW3\Mase_John_HW3\Application3.cpp(43,10): warning C4101: 'j': unreferenced local variable
C:\Users\JJ\OneDrive\School\CSCI 580\HW3\Mase_John_HW3\Application3.cpp(43,7): warning C4101: 'i': unreferenced local variable
C:\Users\JJ\OneDrive\School\CSCI 580\HW3\Mase_John_HW3\Application3.cpp(44,13): warning C4101: 'yRes': unreferenced local variable
C:\Users\JJ\OneDrive\School\CSCI 580\HW3\Mase_John_HW3\Application3.cpp(150,17): warning C4996: 'fopen': This function or variable may be unsafe. Consider using fopen_s instead. To disable deprecation, use _CRT_SECURE_NO_WARNINGS. See online help for details.
C:\Users\JJ\OneDrive\School\CSCI 580\HW3\Mase_John_HW3\Application3.cpp(157,18): warning C4996: 'fopen': This function or variable may be unsafe. Consider using fopen_s instead. To disable deprecation, use _CRT_SECURE_NO_WARNINGS. See online help for details.
C:\Users\JJ\OneDrive\School\CSCI 580\HW3\Mase_John_HW3\Application3.cpp(171,9): warning C4996: 'fscanf': This function or variable may be unsafe. Consider using fscanf_s instead. To disable deprecation, use _CRT_SECURE_NO_WARNINGS. See online help for details.
C:\Users\JJ\OneDrive\School\CSCI 580\HW3\Mase_John_HW3\Application3.cpp(172,6): warning C4996: 'fscanf': This function or variable may be unsafe. Consider using fscanf_s instead. To disable deprecation, use _CRT_SECURE_NO_WARNINGS. See online help for details.
C:\Users\JJ\OneDrive\School\CSCI 580\HW3\Mase_John_HW3\Application3.cpp(178,6): warning C4996: 'fscanf': This function or variable may be unsafe. Consider using fscanf_s instead. To disable deprecation, use _CRT_SECURE_NO_WARNINGS. See online help for details.
C:\Users\JJ\OneDrive\School\CSCI 580\HW3\Mase_John_HW3\Application3.cpp(184,6): warning C4996: 'fscanf': This function or variable may be unsafe. Consider using fscanf_s instead. To disable deprecation, use _CRT_SECURE_NO_WARNINGS. See online help for details.
C:\Users\JJ\OneDrive\School\CSCI 580\HW3\Mase_John_HW3\Application3.cpp(137,8): warning C4101: 'xRes': unreferenced local variable
C:\Users\JJ\OneDrive\School\CSCI 580\HW3\Mase_John_HW3\Application3.cpp(125,11): warning C4101: 'camera': unreferenced local variable
C:\Users\JJ\OneDrive\School\CSCI 580\HW3\Mase_John_HW3\Application3.cpp(136,11): warning C4101: 'j': unreferenced local variable
C:\Users\JJ\OneDrive\School\CSCI 580\HW3\Mase_John_HW3\Application3.cpp(137,14): warning C4101: 'yRes': unreferenced local variable
  CS580HW3.vcxproj -> C:\Users\JJ\OneDrive\School\CSCI 580\HW3\Mase_John_HW3\Debug\CS580HW3.exe
