c:\users\jj\onedrive\school\csci 580\hw2\hw2\hw2\debug\cs580hw2.pch
c:\users\jj\onedrive\school\csci 580\hw2\hw2\hw2\debug\vc142.pdb
c:\users\jj\onedrive\school\csci 580\hw2\hw2\hw2\debug\vc142.idb
c:\users\jj\onedrive\school\csci 580\hw2\hw2\hw2\debug\stdafx.obj
c:\users\jj\onedrive\school\csci 580\hw2\hw2\hw2\debug\application.obj
c:\users\jj\onedrive\school\csci 580\hw2\hw2\hw2\debug\application2.obj
c:\users\jj\onedrive\school\csci 580\hw2\hw2\hw2\debug\cs580hw.obj
c:\users\jj\onedrive\school\csci 580\hw2\hw2\hw2\debug\cs580hwdoc.obj
c:\users\jj\onedrive\school\csci 580\hw2\hw2\hw2\debug\cs580hwview.obj
c:\users\jj\onedrive\school\csci 580\hw2\hw2\hw2\debug\mainfrm.obj
c:\users\jj\onedrive\school\csci 580\hw2\hw2\hw2\debug\rend.obj
c:\users\jj\onedrive\school\csci 580\hw2\hw2\hw2\debug\cs580hw2.exe
c:\users\jj\onedrive\school\csci 580\hw2\hw2\hw2\debug\cs580hw2.ilk
c:\users\jj\onedrive\school\csci 580\hw2\hw2\hw2\debug\cs580hw2.pdb
c:\users\jj\onedrive\school\csci 580\hw2\hw2\hw2\debug\cs580hw.res
c:\users\jj\onedrive\school\csci 580\hw2\hw2\hw2\debug\cs580hw2.tlog\cl.command.1.tlog
c:\users\jj\onedrive\school\csci 580\hw2\hw2\hw2\debug\cs580hw2.tlog\cl.read.1.tlog
c:\users\jj\onedrive\school\csci 580\hw2\hw2\hw2\debug\cs580hw2.tlog\cl.write.1.tlog
c:\users\jj\onedrive\school\csci 580\hw2\hw2\hw2\debug\cs580hw2.tlog\link.command.1.tlog
c:\users\jj\onedrive\school\csci 580\hw2\hw2\hw2\debug\cs580hw2.tlog\link.read.1.tlog
c:\users\jj\onedrive\school\csci 580\hw2\hw2\hw2\debug\cs580hw2.tlog\link.write.1.tlog
c:\users\jj\onedrive\school\csci 580\hw2\hw2\hw2\debug\cs580hw2.tlog\rc.command.1.tlog
c:\users\jj\onedrive\school\csci 580\hw2\hw2\hw2\debug\cs580hw2.tlog\rc.read.1.tlog
c:\users\jj\onedrive\school\csci 580\hw2\hw2\hw2\debug\cs580hw2.tlog\rc.write.1.tlog
